0 verbose cli [
0 verbose cli   '/home/dean/.nvm/versions/node/v16.3.0/bin/node',
0 verbose cli   '/home/dean/.nvm/versions/node/v16.3.0/bin/npm',
0 verbose cli   'install',
0 verbose cli   '-g',
0 verbose cli   'article_app'
0 verbose cli ]
1 info using npm@7.18.1
2 info using node@v16.3.0
3 timing npm:load:whichnode Completed in 7ms
4 timing config:load:defaults Completed in 2ms
5 timing config:load:file:/home/dean/.nvm/versions/node/v16.3.0/lib/node_modules/npm/npmrc Completed in 0ms
6 timing config:load:builtin Completed in 0ms
7 timing config:load:cli Completed in 2ms
8 timing config:load:env Completed in 1ms
9 timing config:load:file:/home/dean/Documents/github/article_app/.npmrc Completed in 1ms
10 timing config:load:project Completed in 1ms
11 timing config:load:file:/home/dean/.npmrc Completed in 1ms
12 timing config:load:user Completed in 1ms
13 timing config:load:file:/home/dean/.nvm/versions/node/v16.3.0/etc/npmrc Completed in 1ms
14 timing config:load:global Completed in 1ms
15 timing config:load:validate Completed in 0ms
16 timing config:load:credentials Completed in 1ms
17 timing config:load:setEnvs Completed in 1ms
18 timing config:load Completed in 10ms
19 timing npm:load:configload Completed in 10ms
20 timing npm:load:setTitle Completed in 0ms
21 timing npm:load:setupLog Completed in 1ms
22 timing npm:load:cleanupLog Completed in 2ms
23 timing npm:load:configScope Completed in 0ms
24 timing npm:load:projectScope Completed in 0ms
25 timing npm:load Completed in 20ms
26 timing config:load:flatten Completed in 3ms
27 timing arborist:ctor Completed in 1ms
28 timing idealTree:init Completed in 11ms
29 timing idealTree:userRequests Completed in 5ms
30 silly idealTree buildDeps
31 silly fetch manifest article_app@*
32 http fetch GET 404 https://registry.npmjs.org/article_app 85ms (cache skip)
33 http fetch GET 404 https://registry.npmjs.org/article_app 26ms (cache skip)
34 silly placeDep ROOT article_app@ OK for:  want: *
35 timing idealTree:#root Completed in 120ms
36 timing idealTree:node_modules/article_app Completed in 0ms
37 timing idealTree:buildDeps Completed in 135ms
38 timing idealTree:fixDepFlags Completed in 1ms
39 timing idealTree Completed in 153ms
40 timing command:install Completed in 168ms
41 verbose stack HttpErrorGeneral: 404 Not Found - GET https://registry.npmjs.org/article_app - Not found
41 verbose stack     at /home/dean/.nvm/versions/node/v16.3.0/lib/node_modules/npm/node_modules/npm-registry-fetch/check-response.js:95:15
41 verbose stack     at processTicksAndRejections (node:internal/process/task_queues:96:5)
41 verbose stack     at async Arborist.[nodeFromEdge] (/home/dean/.nvm/versions/node/v16.3.0/lib/node_modules/npm/node_modules/@npmcli/arborist/lib/arborist/build-ideal-tree.js:936:19)
41 verbose stack     at async Arborist.[buildDepStep] (/home/dean/.nvm/versions/node/v16.3.0/lib/node_modules/npm/node_modules/@npmcli/arborist/lib/arborist/build-ideal-tree.js:882:11)
41 verbose stack     at async Arborist.buildIdealTree (/home/dean/.nvm/versions/node/v16.3.0/lib/node_modules/npm/node_modules/@npmcli/arborist/lib/arborist/build-ideal-tree.js:218:7)
41 verbose stack     at async Arborist.reify (/home/dean/.nvm/versions/node/v16.3.0/lib/node_modules/npm/node_modules/@npmcli/arborist/lib/arborist/reify.js:134:5)
41 verbose stack     at async Install.install (/home/dean/.nvm/versions/node/v16.3.0/lib/node_modules/npm/lib/install.js:150:5)
42 verbose statusCode 404
43 verbose pkgid article_app@*
44 verbose cwd /home/dean/Documents/github/article_app
45 verbose Linux 5.8.0-55-generic
46 verbose argv "/home/dean/.nvm/versions/node/v16.3.0/bin/node" "/home/dean/.nvm/versions/node/v16.3.0/bin/npm" "install" "-g" "article_app"
47 verbose node v16.3.0
48 verbose npm  v7.18.1
49 error code E404
50 error 404 Not Found - GET https://registry.npmjs.org/article_app - Not found
51 error 404
52 error 404 'article_app@*' is not in the npm registry.
53 error 404 You should bug the author to publish it (or use the name yourself!)
54 error 404 Note that you can also install from a
55 error 404 tarball, folder, http url, or git url.
56 verbose exit 1
